<?xml version="1.0" encoding="UTF-8"?>
<!-- Generated by org.testng.reporters.JUnitReportReporter -->
<testsuite hostname="DLDA0016" name="TestFile" tests="5" failures="0" timestamp="21 Jun 2018 13:12:24 GMT" time="0.597" errors="0">
  <testcase name="CheckErrorPage" time="0.039" classname="TestFile"/>
  <testcase name="SelectRedBox" time="0.148" classname="TestFile"/>
  <testcase name="SelectGreenBox" time="0.189" classname="TestFile"/>
  <testcase name="CourseSelect" time="0.200" classname="TestFile"/>
  <testcase name="CheckGridPage" time="0.021" classname="TestFile"/>
</testsuite> <!-- TestFile -->
