<?xml version="1.0" encoding="UTF-8"?>
<!-- Generated by org.testng.reporters.JUnitReportReporter -->
<testsuite hostname="DLDA0016" name="TestFile" tests="8" failures="0" timestamp="21 Jun 2018 14:09:01 GMT" time="1.709" errors="0">
  <testcase name="SelectGreenBox" time="0.187" classname="TestFile"/>
  <testcase name="CheckErrorPage" time="0.035" classname="TestFile"/>
  <testcase name="CheckGridPage" time="0.023" classname="TestFile"/>
  <testcase name="SelectRedBox" time="0.102" classname="TestFile"/>
  <testcase name="BoxesMatched" time="0.899" classname="TestFile"/>
  <testcase name="BoxNonMatched" time="0.252" classname="TestFile"/>
  <testcase name="CourseSelect" time="0.182" classname="TestFile"/>
  <testcase name="CheckMatchPage" time="0.029" classname="TestFile"/>
</testsuite> <!-- TestFile -->
